{"D:\\UAE\\alba\\backend-test-1\\Part_2\\addBlogPost.js": {"path":"D:\\UAE\\alba\\backend-test-1\\Part_2\\addBlogPost.js","statementMap":{"0":{"start":{"line":1,"column":16},"end":{"line":1,"column":34}},"1":{"start":{"line":2,"column":15},"end":{"line":2,"column":31}},"2":{"start":{"line":3,"column":33},"end":{"line":3,"column":56}},"3":{"start":{"line":4,"column":35},"end":{"line":4,"column":63}},"4":{"start":{"line":5,"column":34},"end":{"line":5,"column":58}},"5":{"start":{"line":6,"column":28},"end":{"line":6,"column":50}},"6":{"start":{"line":9,"column":15},"end":{"line":9,"column":32}},"7":{"start":{"line":10,"column":24},"end":{"line":10,"column":38}},"8":{"start":{"line":11,"column":16},"end":{"line":18,"column":2}},"9":{"start":{"line":13,"column":4},"end":{"line":13,"column":25}},"10":{"start":{"line":16,"column":4},"end":{"line":16,"column":51}},"11":{"start":{"line":19,"column":19},"end":{"line":25,"column":1}},"12":{"start":{"line":20,"column":2},"end":{"line":24,"column":3}},"13":{"start":{"line":21,"column":4},"end":{"line":21,"column":19}},"14":{"start":{"line":23,"column":4},"end":{"line":23,"column":20}},"15":{"start":{"line":26,"column":15},"end":{"line":32,"column":2}},"16":{"start":{"line":34,"column":0},"end":{"line":81,"column":3}},"17":{"start":{"line":38,"column":17},"end":{"line":38,"column":38}},"18":{"start":{"line":39,"column":2},"end":{"line":41,"column":3}},"19":{"start":{"line":40,"column":4},"end":{"line":40,"column":60}},"20":{"start":{"line":43,"column":44},"end":{"line":43,"column":52}},"21":{"start":{"line":45,"column":24},"end":{"line":45,"column":50}},"22":{"start":{"line":46,"column":31},"end":{"line":46,"column":67}},"23":{"start":{"line":48,"column":2},"end":{"line":80,"column":3}},"24":{"start":{"line":49,"column":18},"end":{"line":49,"column":42}},"25":{"start":{"line":50,"column":34},"end":{"line":50,"column":90}},"26":{"start":{"line":51,"column":22},"end":{"line":51,"column":64}},"27":{"start":{"line":52,"column":22},"end":{"line":52,"column":42}},"28":{"start":{"line":53,"column":23},"end":{"line":53,"column":75}},"29":{"start":{"line":54,"column":30},"end":{"line":56,"column":5}},"30":{"start":{"line":55,"column":42},"end":{"line":55,"column":80}},"31":{"start":{"line":58,"column":24},"end":{"line":68,"column":5}},"32":{"start":{"line":70,"column":4},"end":{"line":70,"column":28}},"33":{"start":{"line":71,"column":4},"end":{"line":71,"column":33}},"34":{"start":{"line":72,"column":4},"end":{"line":72,"column":38}},"35":{"start":{"line":75,"column":4},"end":{"line":75,"column":21}},"36":{"start":{"line":77,"column":4},"end":{"line":77,"column":28}},"37":{"start":{"line":78,"column":4},"end":{"line":78,"column":47}},"38":{"start":{"line":79,"column":4},"end":{"line":79,"column":24}},"39":{"start":{"line":84,"column":0},"end":{"line":84,"column":24}}},"fnMap":{"0":{"name":"(anonymous_0)","decl":{"start":{"line":12,"column":15},"end":{"line":12,"column":16}},"loc":{"start":{"line":12,"column":34},"end":{"line":14,"column":3}},"line":12},"1":{"name":"(anonymous_1)","decl":{"start":{"line":15,"column":12},"end":{"line":15,"column":13}},"loc":{"start":{"line":15,"column":31},"end":{"line":17,"column":3}},"line":15},"2":{"name":"(anonymous_2)","decl":{"start":{"line":19,"column":19},"end":{"line":19,"column":20}},"loc":{"start":{"line":19,"column":38},"end":{"line":25,"column":1}},"line":19},"3":{"name":"(anonymous_3)","decl":{"start":{"line":37,"column":27},"end":{"line":37,"column":28}},"loc":{"start":{"line":37,"column":47},"end":{"line":81,"column":1}},"line":37},"4":{"name":"(anonymous_4)","decl":{"start":{"line":55,"column":31},"end":{"line":55,"column":32}},"loc":{"start":{"line":55,"column":42},"end":{"line":55,"column":80}},"line":55}},"branchMap":{"0":{"loc":{"start":{"line":20,"column":2},"end":{"line":24,"column":3}},"type":"if","locations":[{"start":{"line":20,"column":2},"end":{"line":24,"column":3}},{"start":{"line":22,"column":9},"end":{"line":24,"column":3}}],"line":20},"1":{"loc":{"start":{"line":39,"column":2},"end":{"line":41,"column":3}},"type":"if","locations":[{"start":{"line":39,"column":2},"end":{"line":41,"column":3}},{"start":{},"end":{}}],"line":39},"2":{"loc":{"start":{"line":46,"column":31},"end":{"line":46,"column":67}},"type":"binary-expr","locations":[{"start":{"line":46,"column":31},"end":{"line":46,"column":61}},{"start":{"line":46,"column":65},"end":{"line":46,"column":67}}],"line":46},"3":{"loc":{"start":{"line":50,"column":34},"end":{"line":50,"column":90}},"type":"cond-expr","locations":[{"start":{"line":50,"column":53},"end":{"line":50,"column":86}},{"start":{"line":50,"column":89},"end":{"line":50,"column":90}}],"line":50}},"s":{"0":1,"1":1,"2":1,"3":1,"4":1,"5":1,"6":1,"7":1,"8":1,"9":15,"10":15,"11":1,"12":15,"13":15,"14":0,"15":1,"16":1,"17":6,"18":6,"19":4,"20":2,"21":2,"22":2,"23":2,"24":2,"25":2,"26":2,"27":2,"28":2,"29":2,"30":4,"31":2,"32":2,"33":2,"34":2,"35":2,"36":0,"37":0,"38":0,"39":1},"f":{"0":15,"1":15,"2":15,"3":6,"4":4},"b":{"0":[15,0],"1":[4,2],"2":[2,0],"3":[2,0]},"_coverageSchema":"1a1c01bbd47fc00a2c39e90264f33305004495a9","hash":"0a96382dc3ad58ca1e3fada7d33baa7fc408f06c"}
,"D:\\UAE\\alba\\backend-test-1\\Part_2\\fileUtils.js": {"path":"D:\\UAE\\alba\\backend-test-1\\Part_2\\fileUtils.js","statementMap":{"0":{"start":{"line":1,"column":11},"end":{"line":1,"column":24}},"1":{"start":{"line":2,"column":22},"end":{"line":2,"column":37}},"2":{"start":{"line":3,"column":23},"end":{"line":3,"column":46}},"3":{"start":{"line":5,"column":24},"end":{"line":5,"column":38}},"4":{"start":{"line":8,"column":2},"end":{"line":14,"column":3}},"5":{"start":{"line":9,"column":4},"end":{"line":9,"column":74}},"6":{"start":{"line":10,"column":4},"end":{"line":10,"column":21}},"7":{"start":{"line":12,"column":4},"end":{"line":12,"column":51}},"8":{"start":{"line":13,"column":4},"end":{"line":13,"column":12}},"9":{"start":{"line":17,"column":0},"end":{"line":17,"column":37}}},"fnMap":{"0":{"name":"saveBlogsToFile","decl":{"start":{"line":7,"column":15},"end":{"line":7,"column":30}},"loc":{"start":{"line":7,"column":38},"end":{"line":15,"column":1}},"line":7}},"branchMap":{},"s":{"0":1,"1":1,"2":1,"3":1,"4":2,"5":2,"6":2,"7":0,"8":0,"9":1},"f":{"0":2},"b":{},"_coverageSchema":"1a1c01bbd47fc00a2c39e90264f33305004495a9","hash":"d06a674a9472d73e40dff1fe80a541832cd1813b"}
,"D:\\UAE\\alba\\backend-test-1\\Part_2\\generateTokenForImage.js": {"path":"D:\\UAE\\alba\\backend-test-1\\Part_2\\generateTokenForImage.js","statementMap":{"0":{"start":{"line":1,"column":16},"end":{"line":1,"column":34}},"1":{"start":{"line":2,"column":17},"end":{"line":2,"column":40}},"2":{"start":{"line":3,"column":20},"end":{"line":3,"column":35}},"3":{"start":{"line":4,"column":23},"end":{"line":4,"column":36}},"4":{"start":{"line":6,"column":15},"end":{"line":6,"column":31}},"5":{"start":{"line":8,"column":19},"end":{"line":8,"column":32}},"6":{"start":{"line":9,"column":25},"end":{"line":9,"column":36}},"7":{"start":{"line":11,"column":0},"end":{"line":21,"column":3}},"8":{"start":{"line":12,"column":25},"end":{"line":12,"column":33}},"9":{"start":{"line":13,"column":20},"end":{"line":13,"column":57}},"10":{"start":{"line":15,"column":2},"end":{"line":17,"column":3}},"11":{"start":{"line":16,"column":4},"end":{"line":16,"column":31}},"12":{"start":{"line":19,"column":16},"end":{"line":19,"column":69}},"13":{"start":{"line":20,"column":2},"end":{"line":20,"column":22}},"14":{"start":{"line":26,"column":0},"end":{"line":26,"column":24}}},"fnMap":{"0":{"name":"(anonymous_0)","decl":{"start":{"line":11,"column":17},"end":{"line":11,"column":18}},"loc":{"start":{"line":11,"column":31},"end":{"line":21,"column":1}},"line":11}},"branchMap":{"0":{"loc":{"start":{"line":15,"column":2},"end":{"line":17,"column":3}},"type":"if","locations":[{"start":{"line":15,"column":2},"end":{"line":17,"column":3}},{"start":{},"end":{}}],"line":15}},"s":{"0":1,"1":1,"2":1,"3":1,"4":1,"5":1,"6":1,"7":1,"8":0,"9":0,"10":0,"11":0,"12":0,"13":0,"14":1},"f":{"0":0},"b":{"0":[0,0]},"_coverageSchema":"1a1c01bbd47fc00a2c39e90264f33305004495a9","hash":"b73f69f99bd9a75562d5ad12217da618da7c9d79"}
,"D:\\UAE\\alba\\backend-test-1\\Part_2\\getAllBlogPosts.js": {"path":"D:\\UAE\\alba\\backend-test-1\\Part_2\\getAllBlogPosts.js","statementMap":{"0":{"start":{"line":1,"column":16},"end":{"line":1,"column":34}},"1":{"start":{"line":3,"column":16},"end":{"line":3,"column":34}},"2":{"start":{"line":5,"column":15},"end":{"line":5,"column":31}},"3":{"start":{"line":7,"column":24},"end":{"line":7,"column":38}},"4":{"start":{"line":9,"column":0},"end":{"line":26,"column":3}},"5":{"start":{"line":10,"column":2},"end":{"line":25,"column":3}},"6":{"start":{"line":11,"column":18},"end":{"line":11,"column":42}},"7":{"start":{"line":12,"column":27},"end":{"line":18,"column":7}},"8":{"start":{"line":12,"column":48},"end":{"line":18,"column":5}},"9":{"start":{"line":19,"column":4},"end":{"line":19,"column":29}},"10":{"start":{"line":23,"column":4},"end":{"line":23,"column":49}},"11":{"start":{"line":24,"column":4},"end":{"line":24,"column":24}},"12":{"start":{"line":28,"column":0},"end":{"line":28,"column":24}}},"fnMap":{"0":{"name":"(anonymous_0)","decl":{"start":{"line":9,"column":16},"end":{"line":9,"column":17}},"loc":{"start":{"line":9,"column":30},"end":{"line":26,"column":1}},"line":9},"1":{"name":"(anonymous_1)","decl":{"start":{"line":12,"column":37},"end":{"line":12,"column":38}},"loc":{"start":{"line":12,"column":48},"end":{"line":18,"column":5}},"line":12}},"branchMap":{},"s":{"0":1,"1":1,"2":1,"3":1,"4":1,"5":2,"6":2,"7":2,"8":178,"9":2,"10":0,"11":0,"12":1},"f":{"0":2,"1":178},"b":{},"_coverageSchema":"1a1c01bbd47fc00a2c39e90264f33305004495a9","hash":"f7dce3e0fdd07d900016651fa725dcdb1309884d"}
,"D:\\UAE\\alba\\backend-test-1\\Part_2\\getImageByToken.js": {"path":"D:\\UAE\\alba\\backend-test-1\\Part_2\\getImageByToken.js","statementMap":{"0":{"start":{"line":1,"column":16},"end":{"line":1,"column":34}},"1":{"start":{"line":2,"column":19},"end":{"line":2,"column":42}},"2":{"start":{"line":3,"column":20},"end":{"line":3,"column":35}},"3":{"start":{"line":5,"column":15},"end":{"line":5,"column":31}},"4":{"start":{"line":7,"column":19},"end":{"line":7,"column":32}},"5":{"start":{"line":8,"column":25},"end":{"line":8,"column":36}},"6":{"start":{"line":10,"column":0},"end":{"line":27,"column":3}},"7":{"start":{"line":11,"column":32},"end":{"line":11,"column":40}},"8":{"start":{"line":14,"column":2},"end":{"line":21,"column":3}},"9":{"start":{"line":15,"column":20},"end":{"line":15,"column":45}},"10":{"start":{"line":16,"column":4},"end":{"line":18,"column":5}},"11":{"start":{"line":17,"column":6},"end":{"line":17,"column":39}},"12":{"start":{"line":20,"column":4},"end":{"line":20,"column":77}},"13":{"start":{"line":24,"column":20},"end":{"line":24,"column":57}},"14":{"start":{"line":25,"column":2},"end":{"line":25,"column":46}},"15":{"start":{"line":26,"column":2},"end":{"line":26,"column":26}},"16":{"start":{"line":29,"column":0},"end":{"line":29,"column":24}}},"fnMap":{"0":{"name":"(anonymous_0)","decl":{"start":{"line":10,"column":16},"end":{"line":10,"column":17}},"loc":{"start":{"line":10,"column":30},"end":{"line":27,"column":1}},"line":10}},"branchMap":{"0":{"loc":{"start":{"line":16,"column":4},"end":{"line":18,"column":5}},"type":"if","locations":[{"start":{"line":16,"column":4},"end":{"line":18,"column":5}},{"start":{},"end":{}}],"line":16}},"s":{"0":1,"1":1,"2":1,"3":1,"4":1,"5":1,"6":1,"7":0,"8":0,"9":0,"10":0,"11":0,"12":0,"13":0,"14":0,"15":0,"16":1},"f":{"0":0},"b":{"0":[0,0]},"_coverageSchema":"1a1c01bbd47fc00a2c39e90264f33305004495a9","hash":"cc7361bf12816a630cb84d00b7facfc2c73e65e6"}
,"D:\\UAE\\alba\\backend-test-1\\Part_2\\imageUtils.js": {"path":"D:\\UAE\\alba\\backend-test-1\\Part_2\\imageUtils.js","statementMap":{"0":{"start":{"line":1,"column":14},"end":{"line":1,"column":30}},"1":{"start":{"line":2,"column":11},"end":{"line":2,"column":24}},"2":{"start":{"line":4,"column":29},"end":{"line":13,"column":1}},"3":{"start":{"line":5,"column":26},"end":{"line":7,"column":15}},"4":{"start":{"line":9,"column":20},"end":{"line":9,"column":65}},"5":{"start":{"line":10,"column":2},"end":{"line":10,"column":47}},"6":{"start":{"line":12,"column":2},"end":{"line":12,"column":19}},"7":{"start":{"line":16,"column":0},"end":{"line":18,"column":2}}},"fnMap":{"0":{"name":"(anonymous_0)","decl":{"start":{"line":4,"column":29},"end":{"line":4,"column":30}},"loc":{"start":{"line":4,"column":57},"end":{"line":13,"column":1}},"line":4}},"branchMap":{},"s":{"0":1,"1":1,"2":1,"3":6,"4":6,"5":6,"6":6,"7":1},"f":{"0":6},"b":{},"_coverageSchema":"1a1c01bbd47fc00a2c39e90264f33305004495a9","hash":"7c067c5753e5ff867d891f2b29562fe65d35cded"}
,"D:\\UAE\\alba\\backend-test-1\\Part_2\\index.js": {"path":"D:\\UAE\\alba\\backend-test-1\\Part_2\\index.js","statementMap":{"0":{"start":{"line":1,"column":16},"end":{"line":1,"column":34}},"1":{"start":{"line":2,"column":19},"end":{"line":2,"column":41}},"2":{"start":{"line":4,"column":12},"end":{"line":4,"column":21}},"3":{"start":{"line":5,"column":13},"end":{"line":5,"column":17}},"4":{"start":{"line":8,"column":26},"end":{"line":8,"column":50}},"5":{"start":{"line":9,"column":30},"end":{"line":9,"column":58}},"6":{"start":{"line":10,"column":36},"end":{"line":10,"column":70}},"7":{"start":{"line":11,"column":30},"end":{"line":11,"column":58}},"8":{"start":{"line":14,"column":0},"end":{"line":14,"column":27}},"9":{"start":{"line":17,"column":0},"end":{"line":17,"column":43}},"10":{"start":{"line":18,"column":0},"end":{"line":18,"column":51}},"11":{"start":{"line":19,"column":0},"end":{"line":19,"column":63}},"12":{"start":{"line":20,"column":0},"end":{"line":20,"column":51}},"13":{"start":{"line":23,"column":0},"end":{"line":25,"column":3}},"14":{"start":{"line":24,"column":2},"end":{"line":24,"column":50}},"15":{"start":{"line":28,"column":0},"end":{"line":28,"column":20}}},"fnMap":{"0":{"name":"(anonymous_0)","decl":{"start":{"line":23,"column":17},"end":{"line":23,"column":18}},"loc":{"start":{"line":23,"column":23},"end":{"line":25,"column":1}},"line":23}},"branchMap":{},"s":{"0":1,"1":1,"2":1,"3":1,"4":1,"5":1,"6":1,"7":1,"8":1,"9":1,"10":1,"11":1,"12":1,"13":1,"14":1,"15":1},"f":{"0":1},"b":{},"_coverageSchema":"1a1c01bbd47fc00a2c39e90264f33305004495a9","hash":"cfb688525e94adde7ef172dbc8294e6cb7b5f693"}
,"D:\\UAE\\alba\\backend-test-1\\Part_2\\validations.js": {"path":"D:\\UAE\\alba\\backend-test-1\\Part_2\\validations.js","statementMap":{"0":{"start":{"line":1,"column":35},"end":{"line":1,"column":63}},"1":{"start":{"line":3,"column":23},"end":{"line":7,"column":100}},"2":{"start":{"line":9,"column":29},"end":{"line":12,"column":75}},"3":{"start":{"line":14,"column":27},"end":{"line":26,"column":4}},"4":{"start":{"line":16,"column":4},"end":{"line":18,"column":5}},"5":{"start":{"line":17,"column":6},"end":{"line":17,"column":72}},"6":{"start":{"line":19,"column":4},"end":{"line":21,"column":5}},"7":{"start":{"line":20,"column":6},"end":{"line":20,"column":56}},"8":{"start":{"line":22,"column":4},"end":{"line":24,"column":5}},"9":{"start":{"line":23,"column":6},"end":{"line":23,"column":72}},"10":{"start":{"line":25,"column":4},"end":{"line":25,"column":16}},"11":{"start":{"line":28,"column":34},"end":{"line":46,"column":4}},"12":{"start":{"line":30,"column":4},"end":{"line":32,"column":5}},"13":{"start":{"line":31,"column":6},"end":{"line":31,"column":18}},"14":{"start":{"line":33,"column":18},"end":{"line":33,"column":45}},"15":{"start":{"line":34,"column":4},"end":{"line":36,"column":5}},"16":{"start":{"line":35,"column":6},"end":{"line":35,"column":67}},"17":{"start":{"line":37,"column":4},"end":{"line":44,"column":5}},"18":{"start":{"line":38,"column":6},"end":{"line":40,"column":7}},"19":{"start":{"line":39,"column":8},"end":{"line":39,"column":64}},"20":{"start":{"line":41,"column":6},"end":{"line":43,"column":7}},"21":{"start":{"line":42,"column":8},"end":{"line":42,"column":81}},"22":{"start":{"line":45,"column":4},"end":{"line":45,"column":16}},"23":{"start":{"line":49,"column":26},"end":{"line":57,"column":4}},"24":{"start":{"line":52,"column":16},"end":{"line":52,"column":33}},"25":{"start":{"line":53,"column":4},"end":{"line":55,"column":5}},"26":{"start":{"line":54,"column":6},"end":{"line":54,"column":62}},"27":{"start":{"line":56,"column":4},"end":{"line":56,"column":16}},"28":{"start":{"line":59,"column":30},"end":{"line":65,"column":1}},"29":{"start":{"line":67,"column":30},"end":{"line":73,"column":1}},"30":{"start":{"line":68,"column":17},"end":{"line":68,"column":38}},"31":{"start":{"line":69,"column":2},"end":{"line":71,"column":3}},"32":{"start":{"line":70,"column":4},"end":{"line":70,"column":60}},"33":{"start":{"line":72,"column":2},"end":{"line":72,"column":9}},"34":{"start":{"line":75,"column":0},"end":{"line":78,"column":2}}},"fnMap":{"0":{"name":"(anonymous_0)","decl":{"start":{"line":15,"column":10},"end":{"line":15,"column":11}},"loc":{"start":{"line":15,"column":30},"end":{"line":26,"column":3}},"line":15},"1":{"name":"(anonymous_1)","decl":{"start":{"line":29,"column":10},"end":{"line":29,"column":11}},"loc":{"start":{"line":29,"column":30},"end":{"line":46,"column":3}},"line":29},"2":{"name":"(anonymous_2)","decl":{"start":{"line":51,"column":10},"end":{"line":51,"column":11}},"loc":{"start":{"line":51,"column":21},"end":{"line":57,"column":3}},"line":51},"3":{"name":"(anonymous_3)","decl":{"start":{"line":67,"column":30},"end":{"line":67,"column":31}},"loc":{"start":{"line":67,"column":50},"end":{"line":73,"column":1}},"line":67}},"branchMap":{"0":{"loc":{"start":{"line":16,"column":4},"end":{"line":18,"column":5}},"type":"if","locations":[{"start":{"line":16,"column":4},"end":{"line":18,"column":5}},{"start":{},"end":{}}],"line":16},"1":{"loc":{"start":{"line":19,"column":4},"end":{"line":21,"column":5}},"type":"if","locations":[{"start":{"line":19,"column":4},"end":{"line":21,"column":5}},{"start":{},"end":{}}],"line":19},"2":{"loc":{"start":{"line":19,"column":8},"end":{"line":19,"column":109}},"type":"binary-expr","locations":[{"start":{"line":19,"column":8},"end":{"line":19,"column":56}},{"start":{"line":19,"column":60},"end":{"line":19,"column":109}}],"line":19},"3":{"loc":{"start":{"line":22,"column":4},"end":{"line":24,"column":5}},"type":"if","locations":[{"start":{"line":22,"column":4},"end":{"line":24,"column":5}},{"start":{},"end":{}}],"line":22},"4":{"loc":{"start":{"line":30,"column":4},"end":{"line":32,"column":5}},"type":"if","locations":[{"start":{"line":30,"column":4},"end":{"line":32,"column":5}},{"start":{},"end":{}}],"line":30},"5":{"loc":{"start":{"line":34,"column":4},"end":{"line":36,"column":5}},"type":"if","locations":[{"start":{"line":34,"column":4},"end":{"line":36,"column":5}},{"start":{},"end":{}}],"line":34},"6":{"loc":{"start":{"line":38,"column":6},"end":{"line":40,"column":7}},"type":"if","locations":[{"start":{"line":38,"column":6},"end":{"line":40,"column":7}},{"start":{},"end":{}}],"line":38},"7":{"loc":{"start":{"line":38,"column":10},"end":{"line":38,"column":73}},"type":"binary-expr","locations":[{"start":{"line":38,"column":10},"end":{"line":38,"column":39}},{"start":{"line":38,"column":43},"end":{"line":38,"column":73}}],"line":38},"8":{"loc":{"start":{"line":41,"column":6},"end":{"line":43,"column":7}},"type":"if","locations":[{"start":{"line":41,"column":6},"end":{"line":43,"column":7}},{"start":{},"end":{}}],"line":41},"9":{"loc":{"start":{"line":53,"column":4},"end":{"line":55,"column":5}},"type":"if","locations":[{"start":{"line":53,"column":4},"end":{"line":55,"column":5}},{"start":{},"end":{}}],"line":53},"10":{"loc":{"start":{"line":69,"column":2},"end":{"line":71,"column":3}},"type":"if","locations":[{"start":{"line":69,"column":2},"end":{"line":71,"column":3}},{"start":{},"end":{}}],"line":69}},"s":{"0":1,"1":1,"2":1,"3":1,"4":6,"5":2,"6":4,"7":0,"8":4,"9":0,"10":4,"11":1,"12":6,"13":0,"14":6,"15":6,"16":0,"17":5,"18":10,"19":0,"20":10,"21":0,"22":5,"23":1,"24":6,"25":6,"26":0,"27":6,"28":1,"29":1,"30":0,"31":0,"32":0,"33":0,"34":1},"f":{"0":6,"1":6,"2":6,"3":0},"b":{"0":[2,4],"1":[0,4],"2":[4,4],"3":[0,4],"4":[0,6],"5":[0,5],"6":[0,10],"7":[10,10],"8":[0,10],"9":[0,6],"10":[0,0]},"_coverageSchema":"1a1c01bbd47fc00a2c39e90264f33305004495a9","hash":"3eb9d880f357fb3048d9fe44a43307945f96e1e9"}
}
