TN:
SF:addBlogPost.js
FN:12,(anonymous_0)
FN:15,(anonymous_1)
FN:19,(anonymous_2)
FN:37,(anonymous_3)
FN:55,(anonymous_4)
FNF:5
FNH:5
FNDA:15,(anonymous_0)
FNDA:15,(anonymous_1)
FNDA:15,(anonymous_2)
FNDA:6,(anonymous_3)
FNDA:4,(anonymous_4)
DA:1,1
DA:2,1
DA:3,1
DA:4,1
DA:5,1
DA:6,1
DA:9,1
DA:10,1
DA:11,1
DA:13,15
DA:16,15
DA:19,1
DA:20,15
DA:21,15
DA:23,0
DA:26,1
DA:34,1
DA:38,6
DA:39,6
DA:40,4
DA:43,2
DA:45,2
DA:46,2
DA:48,2
DA:49,2
DA:50,2
DA:51,2
DA:52,2
DA:53,2
DA:54,2
DA:55,4
DA:58,2
DA:70,2
DA:71,2
DA:72,2
DA:75,2
DA:77,0
DA:78,0
DA:79,0
DA:84,1
LF:40
LH:36
BRDA:20,0,0,15
BRDA:20,0,1,0
BRDA:39,1,0,4
BRDA:39,1,1,2
BRDA:46,2,0,2
BRDA:46,2,1,0
BRDA:50,3,0,2
BRDA:50,3,1,0
BRF:8
BRH:5
end_of_record
TN:
SF:fileUtils.js
FN:7,saveBlogsToFile
FNF:1
FNH:1
FNDA:2,saveBlogsToFile
DA:1,1
DA:2,1
DA:3,1
DA:5,1
DA:8,2
DA:9,2
DA:10,2
DA:12,0
DA:13,0
DA:17,1
LF:10
LH:8
BRF:0
BRH:0
end_of_record
TN:
SF:generateTokenForImage.js
FN:11,(anonymous_0)
FNF:1
FNH:0
FNDA:0,(anonymous_0)
DA:1,1
DA:2,1
DA:3,1
DA:4,1
DA:6,1
DA:8,1
DA:9,1
DA:11,1
DA:12,0
DA:13,0
DA:15,0
DA:16,0
DA:19,0
DA:20,0
DA:26,1
LF:15
LH:9
BRDA:15,0,0,0
BRDA:15,0,1,0
BRF:2
BRH:0
end_of_record
TN:
SF:getAllBlogPosts.js
FN:9,(anonymous_0)
FN:12,(anonymous_1)
FNF:2
FNH:2
FNDA:2,(anonymous_0)
FNDA:178,(anonymous_1)
DA:1,1
DA:3,1
DA:5,1
DA:7,1
DA:9,1
DA:10,2
DA:11,2
DA:12,178
DA:19,2
DA:23,0
DA:24,0
DA:28,1
LF:12
LH:10
BRF:0
BRH:0
end_of_record
TN:
SF:getImageByToken.js
FN:10,(anonymous_0)
FNF:1
FNH:0
FNDA:0,(anonymous_0)
DA:1,1
DA:2,1
DA:3,1
DA:5,1
DA:7,1
DA:8,1
DA:10,1
DA:11,0
DA:14,0
DA:15,0
DA:16,0
DA:17,0
DA:20,0
DA:24,0
DA:25,0
DA:26,0
DA:29,1
LF:17
LH:8
BRDA:16,0,0,0
BRDA:16,0,1,0
BRF:2
BRH:0
end_of_record
TN:
SF:imageUtils.js
FN:4,(anonymous_0)
FNF:1
FNH:1
FNDA:6,(anonymous_0)
DA:1,1
DA:2,1
DA:4,1
DA:5,6
DA:9,6
DA:10,6
DA:12,6
DA:16,1
LF:8
LH:8
BRF:0
BRH:0
end_of_record
TN:
SF:index.js
FN:23,(anonymous_0)
FNF:1
FNH:1
FNDA:1,(anonymous_0)
DA:1,1
DA:2,1
DA:4,1
DA:5,1
DA:8,1
DA:9,1
DA:10,1
DA:11,1
DA:14,1
DA:17,1
DA:18,1
DA:19,1
DA:20,1
DA:23,1
DA:24,1
DA:28,1
LF:16
LH:16
BRF:0
BRH:0
end_of_record
TN:
SF:validations.js
FN:15,(anonymous_0)
FN:29,(anonymous_1)
FN:51,(anonymous_2)
FN:67,(anonymous_3)
FNF:4
FNH:3
FNDA:6,(anonymous_0)
FNDA:6,(anonymous_1)
FNDA:6,(anonymous_2)
FNDA:0,(anonymous_3)
DA:1,1
DA:3,1
DA:9,1
DA:14,1
DA:16,6
DA:17,2
DA:19,4
DA:20,0
DA:22,4
DA:23,0
DA:25,4
DA:28,1
DA:30,6
DA:31,0
DA:33,6
DA:34,6
DA:35,0
DA:37,5
DA:38,10
DA:39,0
DA:41,10
DA:42,0
DA:45,5
DA:49,1
DA:52,6
DA:53,6
DA:54,0
DA:56,6
DA:59,1
DA:67,1
DA:68,0
DA:69,0
DA:70,0
DA:72,0
DA:75,1
LF:35
LH:24
BRDA:16,0,0,2
BRDA:16,0,1,4
BRDA:19,1,0,0
BRDA:19,1,1,4
BRDA:19,2,0,4
BRDA:19,2,1,4
BRDA:22,3,0,0
BRDA:22,3,1,4
BRDA:30,4,0,0
BRDA:30,4,1,6
BRDA:34,5,0,0
BRDA:34,5,1,5
BRDA:38,6,0,0
BRDA:38,6,1,10
BRDA:38,7,0,10
BRDA:38,7,1,10
BRDA:41,8,0,0
BRDA:41,8,1,10
BRDA:53,9,0,0
BRDA:53,9,1,6
BRDA:69,10,0,0
BRDA:69,10,1,0
BRF:22
BRH:13
end_of_record
